<?xml version="1.0" encoding="UTF-8"?>
<!-- Generated by org.testng.reporters.JUnitReportReporter -->
<testsuite hostname="VEER" failures="0" tests="1" name="com_actitime_Testscript.maven_project" time="0.008" errors="0" timestamp="2023-10-16T14:36:04 IST" skipped="0">
  <testcase classname="com_actitime_Testscript.maven_project" name="editcustomer" time="0.008"/>
</testsuite> <!-- com_actitime_Testscript.maven_project -->
