<?xml version="1.0" encoding="UTF-8"?>
<!-- Generated by org.testng.reporters.JUnitReportReporter -->
<testsuite hostname="VEER" failures="0" tests="1" name="com_actitime_Testscript.Create_Customer" time="0.008" errors="0" timestamp="2023-09-29T14:14:48 IST" skipped="0">
  <testcase classname="com_actitime_Testscript.Create_Customer" name="createcustomer" time="0.008">
    <system-out>
      <![CDATA[createcustomer]]>
    </system-out>
  </testcase> <!-- createcustomer -->
  <system-out>
    <![CDATA[createcustomer]]>
  </system-out>
</testsuite> <!-- com_actitime_Testscript.Create_Customer -->
